1773407569.019944 client started (23992): version 3.6a, socket /private/tmp/tmux-501/default, protocol 8
1773407569.019976 on Darwin 25.3.0 Darwin Kernel Version 25.3.0: Wed Jan 28 20:54:46 PST 2026; root:xnu-12377.91.3~2/RELEASE_ARM64_T6000
1773407569.019982 using libevent 2.1.12-stable select
1773407569.020000 using utf8proc 2.11.3
1773407569.020004 using ncurses 6.5 20240427
1773407569.020013 flags are 0x18010000
1773407569.020017 socket is /private/tmp/tmux-501/default
1773407569.020025 trying connect
1773407569.020036 connect failed: No such file or directory
1773407569.020044 lock file is /private/tmp/tmux-501/default.lock
1773407569.020104 flock succeeded
1773407569.020108 got lock (6)
1773407569.020113 trying connect
1773407569.020118 connect failed: No such file or directory
1773407569.020409 add peer 0x104982200: 7 (0x0)
1773407569.021811 sending message 111 to peer 0x104982200 (8 bytes)
1773407569.021821 sending message 111 to peer 0x104982200 (8 bytes)
1773407569.021826 sending message 101 to peer 0x104982200 (15 bytes)
1773407569.021831 sending message 109 to peer 0x104982200 (4 bytes)
1773407569.021836 sending message 102 to peer 0x104982200 (13 bytes)
1773407569.021840 sending message 108 to peer 0x104982200 (36 bytes)
1773407569.021845 sending message 112 to peer 0x104982200 (58 bytes)
1773407569.021849 sending message 112 to peer 0x104982200 (5 bytes)
1773407569.021856 sending message 112 to peer 0x104982200 (5 bytes)
1773407569.021861 sending message 112 to peer 0x104982200 (6 bytes)
1773407569.021865 sending message 112 to peer 0x104982200 (6 bytes)
1773407569.021869 sending message 112 to peer 0x104982200 (11 bytes)
1773407569.021873 sending message 112 to peer 0x104982200 (10 bytes)
1773407569.021877 sending message 112 to peer 0x104982200 (13 bytes)
1773407569.021881 sending message 112 to peer 0x104982200 (14 bytes)
1773407569.021885 sending message 112 to peer 0x104982200 (19 bytes)
1773407569.021889 sending message 112 to peer 0x104982200 (11 bytes)
1773407569.021893 sending message 112 to peer 0x104982200 (10 bytes)
1773407569.021896 sending message 112 to peer 0x104982200 (15 bytes)
1773407569.021899 sending message 112 to peer 0x104982200 (21 bytes)
1773407569.021903 sending message 112 to peer 0x104982200 (13 bytes)
1773407569.021907 sending message 112 to peer 0x104982200 (7 bytes)
1773407569.021911 sending message 112 to peer 0x104982200 (13 bytes)
1773407569.021915 sending message 112 to peer 0x104982200 (7 bytes)
1773407569.021922 sending message 112 to peer 0x104982200 (13 bytes)
1773407569.021927 sending message 112 to peer 0x104982200 (9 bytes)
1773407569.021931 sending message 112 to peer 0x104982200 (21 bytes)
1773407569.021938 sending message 112 to peer 0x104982200 (13 bytes)
1773407569.021943 sending message 112 to peer 0x104982200 (9 bytes)
1773407569.021947 sending message 112 to peer 0x104982200 (16 bytes)
1773407569.021951 sending message 112 to peer 0x104982200 (13 bytes)
1773407569.021955 sending message 112 to peer 0x104982200 (9 bytes)
1773407569.021960 sending message 112 to peer 0x104982200 (9 bytes)
1773407569.021964 sending message 112 to peer 0x104982200 (12 bytes)
1773407569.021968 sending message 112 to peer 0x104982200 (8 bytes)
1773407569.021972 sending message 112 to peer 0x104982200 (8 bytes)
1773407569.021976 sending message 112 to peer 0x104982200 (13 bytes)
1773407569.021980 sending message 112 to peer 0x104982200 (7 bytes)
1773407569.021984 sending message 112 to peer 0x104982200 (7 bytes)
1773407569.021989 sending message 112 to peer 0x104982200 (9 bytes)
1773407569.021993 sending message 112 to peer 0x104982200 (9 bytes)
1773407569.021996 sending message 112 to peer 0x104982200 (15 bytes)
1773407569.022000 sending message 112 to peer 0x104982200 (13 bytes)
1773407569.022004 sending message 112 to peer 0x104982200 (12 bytes)
1773407569.022008 sending message 112 to peer 0x104982200 (8 bytes)
1773407569.022012 sending message 112 to peer 0x104982200 (14 bytes)
1773407569.022017 sending message 112 to peer 0x104982200 (11 bytes)
1773407569.022021 sending message 112 to peer 0x104982200 (9 bytes)
1773407569.022031 sending message 112 to peer 0x104982200 (10 bytes)
1773407569.022035 sending message 112 to peer 0x104982200 (10 bytes)
1773407569.022038 sending message 112 to peer 0x104982200 (10 bytes)
1773407569.022041 sending message 112 to peer 0x104982200 (10 bytes)
1773407569.022044 sending message 112 to peer 0x104982200 (11 bytes)
1773407569.022048 sending message 112 to peer 0x104982200 (12 bytes)
1773407569.022051 sending message 112 to peer 0x104982200 (12 bytes)
1773407569.022054 sending message 112 to peer 0x104982200 (12 bytes)
1773407569.022057 sending message 112 to peer 0x104982200 (12 bytes)
1773407569.022061 sending message 112 to peer 0x104982200 (12 bytes)
1773407569.022065 sending message 112 to peer 0x104982200 (11 bytes)
1773407569.022069 sending message 112 to peer 0x104982200 (11 bytes)
1773407569.022072 sending message 112 to peer 0x104982200 (12 bytes)
1773407569.022075 sending message 112 to peer 0x104982200 (12 bytes)
1773407569.022078 sending message 112 to peer 0x104982200 (12 bytes)
1773407569.022082 sending message 112 to peer 0x104982200 (12 bytes)
1773407569.022085 sending message 112 to peer 0x104982200 (12 bytes)
1773407569.022088 sending message 112 to peer 0x104982200 (9 bytes)
1773407569.022091 sending message 112 to peer 0x104982200 (12 bytes)
1773407569.022094 sending message 112 to peer 0x104982200 (13 bytes)
1773407569.022097 sending message 112 to peer 0x104982200 (13 bytes)
1773407569.022100 sending message 112 to peer 0x104982200 (13 bytes)
1773407569.022103 sending message 112 to peer 0x104982200 (13 bytes)
1773407569.022107 sending message 112 to peer 0x104982200 (13 bytes)
1773407569.022110 sending message 112 to peer 0x104982200 (8 bytes)
1773407569.022113 sending message 112 to peer 0x104982200 (11 bytes)
1773407569.022116 sending message 112 to peer 0x104982200 (11 bytes)
1773407569.022119 sending message 112 to peer 0x104982200 (11 bytes)
1773407569.022123 sending message 112 to peer 0x104982200 (12 bytes)
1773407569.022127 sending message 112 to peer 0x104982200 (12 bytes)
1773407569.022129 sending message 112 to peer 0x104982200 (12 bytes)
1773407569.022132 sending message 112 to peer 0x104982200 (12 bytes)
1773407569.022136 sending message 112 to peer 0x104982200 (13 bytes)
1773407569.022139 sending message 112 to peer 0x104982200 (13 bytes)
1773407569.022143 sending message 112 to peer 0x104982200 (13 bytes)
1773407569.022146 sending message 112 to peer 0x104982200 (8 bytes)
1773407569.022149 sending message 112 to peer 0x104982200 (13 bytes)
1773407569.022153 sending message 112 to peer 0x104982200 (13 bytes)
1773407569.022156 sending message 112 to peer 0x104982200 (13 bytes)
1773407569.022160 sending message 112 to peer 0x104982200 (13 bytes)
1773407569.022163 sending message 112 to peer 0x104982200 (13 bytes)
1773407569.022166 sending message 112 to peer 0x104982200 (12 bytes)
1773407569.022169 sending message 112 to peer 0x104982200 (12 bytes)
1773407569.022173 sending message 112 to peer 0x104982200 (12 bytes)
1773407569.022176 sending message 112 to peer 0x104982200 (12 bytes)
1773407569.022179 sending message 112 to peer 0x104982200 (13 bytes)
1773407569.022182 sending message 112 to peer 0x104982200 (8 bytes)
1773407569.022186 sending message 112 to peer 0x104982200 (13 bytes)
1773407569.022189 sending message 112 to peer 0x104982200 (13 bytes)
1773407569.022192 sending message 112 to peer 0x104982200 (13 bytes)
1773407569.022195 sending message 112 to peer 0x104982200 (13 bytes)
1773407569.022198 sending message 112 to peer 0x104982200 (13 bytes)
1773407569.022201 sending message 112 to peer 0x104982200 (13 bytes)
1773407569.022205 sending message 112 to peer 0x104982200 (13 bytes)
1773407569.022208 sending message 112 to peer 0x104982200 (12 bytes)
1773407569.022211 sending message 112 to peer 0x104982200 (12 bytes)
1773407569.022215 sending message 112 to peer 0x104982200 (12 bytes)
1773407569.022218 sending message 112 to peer 0x104982200 (8 bytes)
1773407569.022221 sending message 112 to peer 0x104982200 (12 bytes)
1773407569.022229 sending message 112 to peer 0x104982200 (13 bytes)
1773407569.022232 sending message 112 to peer 0x104982200 (13 bytes)
1773407569.022236 sending message 112 to peer 0x104982200 (13 bytes)
1773407569.022239 sending message 112 to peer 0x104982200 (13 bytes)
1773407569.022242 sending message 112 to peer 0x104982200 (13 bytes)
1773407569.022246 sending message 112 to peer 0x104982200 (13 bytes)
1773407569.022249 sending message 112 to peer 0x104982200 (13 bytes)
1773407569.022252 sending message 112 to peer 0x104982200 (13 bytes)
1773407569.022255 sending message 112 to peer 0x104982200 (12 bytes)
1773407569.022258 sending message 112 to peer 0x104982200 (10 bytes)
1773407569.022262 sending message 112 to peer 0x104982200 (12 bytes)
1773407569.022265 sending message 112 to peer 0x104982200 (12 bytes)
1773407569.022268 sending message 112 to peer 0x104982200 (12 bytes)
1773407569.022272 sending message 112 to peer 0x104982200 (13 bytes)
1773407569.022275 sending message 112 to peer 0x104982200 (13 bytes)
1773407569.022278 sending message 112 to peer 0x104982200 (13 bytes)
1773407569.022281 sending message 112 to peer 0x104982200 (13 bytes)
1773407569.022285 sending message 112 to peer 0x104982200 (13 bytes)
1773407569.022288 sending message 112 to peer 0x104982200 (13 bytes)
1773407569.022291 sending message 112 to peer 0x104982200 (13 bytes)
1773407569.022293 sending message 112 to peer 0x104982200 (10 bytes)
1773407569.022296 sending message 112 to peer 0x104982200 (13 bytes)
1773407569.022298 sending message 112 to peer 0x104982200 (12 bytes)
1773407569.022301 sending message 112 to peer 0x104982200 (12 bytes)
1773407569.022305 sending message 112 to peer 0x104982200 (12 bytes)
1773407569.022308 sending message 112 to peer 0x104982200 (10 bytes)
1773407569.022311 sending message 112 to peer 0x104982200 (10 bytes)
1773407569.022314 sending message 112 to peer 0x104982200 (10 bytes)
1773407569.022317 sending message 112 to peer 0x104982200 (12 bytes)
1773407569.022321 sending message 112 to peer 0x104982200 (13 bytes)
1773407569.022324 sending message 112 to peer 0x104982200 (13 bytes)
1773407569.022328 sending message 112 to peer 0x104982200 (13 bytes)
1773407569.022331 sending message 112 to peer 0x104982200 (13 bytes)
1773407569.022334 sending message 112 to peer 0x104982200 (13 bytes)
1773407569.022337 sending message 112 to peer 0x104982200 (10 bytes)
1773407569.022340 sending message 112 to peer 0x104982200 (11 bytes)
1773407569.022344 sending message 112 to peer 0x104982200 (12 bytes)
1773407569.022347 sending message 112 to peer 0x104982200 (12 bytes)
1773407569.022350 sending message 112 to peer 0x104982200 (12 bytes)
1773407569.022354 sending message 112 to peer 0x104982200 (12 bytes)
1773407569.022357 sending message 112 to peer 0x104982200 (12 bytes)
1773407569.022360 sending message 112 to peer 0x104982200 (11 bytes)
1773407569.022364 sending message 112 to peer 0x104982200 (12 bytes)
1773407569.022366 sending message 112 to peer 0x104982200 (12 bytes)
1773407569.022370 sending message 112 to peer 0x104982200 (13 bytes)
1773407569.022373 sending message 112 to peer 0x104982200 (13 bytes)
1773407569.022376 sending message 112 to peer 0x104982200 (13 bytes)
1773407569.022379 sending message 112 to peer 0x104982200 (13 bytes)
1773407569.022382 sending message 112 to peer 0x104982200 (13 bytes)
1773407569.022385 sending message 112 to peer 0x104982200 (10 bytes)
1773407569.022388 sending message 112 to peer 0x104982200 (9 bytes)
1773407569.022392 sending message 112 to peer 0x104982200 (12 bytes)
1773407569.022395 sending message 112 to peer 0x104982200 (13 bytes)
1773407569.022397 sending message 112 to peer 0x104982200 (13 bytes)
1773407569.022400 sending message 112 to peer 0x104982200 (13 bytes)
1773407569.022404 sending message 112 to peer 0x104982200 (13 bytes)
1773407569.022406 sending message 112 to peer 0x104982200 (13 bytes)
1773407569.022410 sending message 112 to peer 0x104982200 (9 bytes)
1773407569.022414 sending message 112 to peer 0x104982200 (12 bytes)
1773407569.022417 sending message 112 to peer 0x104982200 (13 bytes)
1773407569.022424 sending message 112 to peer 0x104982200 (13 bytes)
1773407569.022428 sending message 112 to peer 0x104982200 (13 bytes)
1773407569.022431 sending message 112 to peer 0x104982200 (13 bytes)
1773407569.022434 sending message 112 to peer 0x104982200 (13 bytes)
1773407569.022438 sending message 112 to peer 0x104982200 (11 bytes)
1773407569.022441 sending message 112 to peer 0x104982200 (12 bytes)
1773407569.022444 sending message 112 to peer 0x104982200 (13 bytes)
1773407569.022448 sending message 112 to peer 0x104982200 (13 bytes)
1773407569.022451 sending message 112 to peer 0x104982200 (13 bytes)
1773407569.022455 sending message 112 to peer 0x104982200 (13 bytes)
1773407569.022458 sending message 112 to peer 0x104982200 (13 bytes)
1773407569.022461 sending message 112 to peer 0x104982200 (11 bytes)
1773407569.022464 sending message 112 to peer 0x104982200 (12 bytes)
1773407569.022467 sending message 112 to peer 0x104982200 (12 bytes)
1773407569.022471 sending message 112 to peer 0x104982200 (12 bytes)
1773407569.022474 sending message 112 to peer 0x104982200 (12 bytes)
1773407569.022478 sending message 112 to peer 0x104982200 (12 bytes)
1773407569.022481 sending message 112 to peer 0x104982200 (21 bytes)
1773407569.022485 sending message 112 to peer 0x104982200 (12 bytes)
1773407569.022488 sending message 112 to peer 0x104982200 (9 bytes)
1773407569.022492 sending message 112 to peer 0x104982200 (6 bytes)
1773407569.022495 sending message 112 to peer 0x104982200 (13 bytes)
1773407569.022498 sending message 112 to peer 0x104982200 (10 bytes)
1773407569.022501 sending message 112 to peer 0x104982200 (24 bytes)
1773407569.022505 sending message 112 to peer 0x104982200 (13 bytes)
1773407569.022511 sending message 112 to peer 0x104982200 (9 bytes)
1773407569.022515 sending message 112 to peer 0x104982200 (70 bytes)
1773407569.022518 sending message 112 to peer 0x104982200 (69 bytes)
1773407569.022522 sending message 112 to peer 0x104982200 (12 bytes)
1773407569.022525 sending message 112 to peer 0x104982200 (10 bytes)
1773407569.022529 sending message 112 to peer 0x104982200 (10 bytes)
1773407569.022532 sending message 112 to peer 0x104982200 (24 bytes)
1773407569.022536 sending message 112 to peer 0x104982200 (13 bytes)
1773407569.022540 sending message 112 to peer 0x104982200 (10 bytes)
1773407569.022543 sending message 112 to peer 0x104982200 (10 bytes)
1773407569.022546 sending message 112 to peer 0x104982200 (10 bytes)
1773407569.022550 sending message 112 to peer 0x104982200 (13 bytes)
1773407569.022553 sending message 112 to peer 0x104982200 (15 bytes)
1773407569.022557 sending message 112 to peer 0x104982200 (5 bytes)
1773407569.022561 sending message 104 to peer 0x104982200 (0 bytes)
1773407569.022565 sending message 110 to peer 0x104982200 (0 bytes)
1773407569.022568 sending message 107 to peer 0x104982200 (4 bytes)
1773407569.022571 sending message 105 to peer 0x104982200 (40 bytes)
1773407569.022575 sending message 105 to peer 0x104982200 (57 bytes)
1773407569.022578 sending message 105 to peer 0x104982200 (14 bytes)
1773407569.022582 sending message 105 to peer 0x104982200 (54 bytes)
1773407569.022585 sending message 105 to peer 0x104982200 (20 bytes)
1773407569.022588 sending message 105 to peer 0x104982200 (66 bytes)
1773407569.022592 sending message 105 to peer 0x104982200 (24 bytes)
1773407569.022595 sending message 105 to peer 0x104982200 (64 bytes)
1773407569.022598 sending message 105 to peer 0x104982200 (19 bytes)
1773407569.022602 sending message 105 to peer 0x104982200 (28 bytes)
1773407569.022605 sending message 105 to peer 0x104982200 (20 bytes)
1773407569.022608 sending message 105 to peer 0x104982200 (18 bytes)
1773407569.022612 sending message 105 to peer 0x104982200 (25 bytes)
1773407569.022615 sending message 105 to peer 0x104982200 (53 bytes)
1773407569.022618 sending message 105 to peer 0x104982200 (15 bytes)
1773407569.022622 sending message 105 to peer 0x104982200 (16 bytes)
1773407569.022625 sending message 105 to peer 0x104982200 (12 bytes)
1773407569.022633 sending message 105 to peer 0x104982200 (9 bytes)
1773407569.022637 sending message 105 to peer 0x104982200 (1312 bytes)
1773407569.022640 sending message 105 to peer 0x104982200 (8 bytes)
1773407569.022644 sending message 105 to peer 0x104982200 (40 bytes)
1773407569.022647 sending message 105 to peer 0x104982200 (18 bytes)
1773407569.022650 sending message 105 to peer 0x104982200 (30 bytes)
1773407569.022653 sending message 105 to peer 0x104982200 (37 bytes)
1773407569.022657 sending message 105 to peer 0x104982200 (34 bytes)
1773407569.022660 sending message 105 to peer 0x104982200 (35 bytes)
1773407569.022663 sending message 105 to peer 0x104982200 (29 bytes)
1773407569.022666 sending message 105 to peer 0x104982200 (16 bytes)
1773407569.022670 sending message 105 to peer 0x104982200 (24 bytes)
1773407569.022673 sending message 105 to peer 0x104982200 (73 bytes)
1773407569.022676 sending message 105 to peer 0x104982200 (30 bytes)
1773407569.022680 sending message 105 to peer 0x104982200 (41 bytes)
1773407569.022683 sending message 105 to peer 0x104982200 (30 bytes)
1773407569.022687 sending message 105 to peer 0x104982200 (31 bytes)
1773407569.022690 sending message 105 to peer 0x104982200 (55 bytes)
1773407569.022692 sending message 105 to peer 0x104982200 (24 bytes)
1773407569.022695 sending message 105 to peer 0x104982200 (16 bytes)
1773407569.022699 sending message 105 to peer 0x104982200 (51 bytes)
1773407569.022701 sending message 105 to peer 0x104982200 (60 bytes)
1773407569.022705 sending message 105 to peer 0x104982200 (34 bytes)
1773407569.022708 sending message 105 to peer 0x104982200 (17 bytes)
1773407569.022711 sending message 105 to peer 0x104982200 (25 bytes)
1773407569.022714 sending message 106 to peer 0x104982200 (0 bytes)
1773407569.073012 sending message 200 to peer 0x104982200 (4 bytes)
1773407569.073032 client loop enter
1773407569.073071 client_signal: Child exited: 20
1773407569.087774 peer 0x104982200 message 207
1773407569.087784 sending message 208 to peer 0x104982200 (0 bytes)
1773407607.900117 peer 0x104982200 message 203
1773407607.900128 sending message 205 to peer 0x104982200 (0 bytes)
1773407607.900274 peer 0x104982200 message 204
1773407607.900283 client loop exit
